<?xml version="1.0" encoding="UTF-8"?>
<!-- Generated by org.testng.reporters.JUnitXMLReporter -->
<testsuite ignored="0" hostname="Vaishnavis-MacBook-Pro.local" failures="0" tests="6" name="Test" time="247.078" errors="0" timestamp="2024-03-26T22:46:21 PDT">
  <testcase classname="example.TestScenario1" name="testPortal" time="55.202"/>
  <testcase classname="example.TestScenario2" name="testCanvas" time="27.172"/>
  <testcase classname="example.TestScenario2" name="testCanvas" time="38.43"/>
  <testcase classname="example.TestScenario3" name="testClassroomPDFDownload" time="12.396"/>
  <testcase classname="example.TestScenario4" name="classroomGuide" time="53.244"/>
  <testcase classname="example.TestScenario5" name="academicCalendar" time="44.234"/>
</testsuite> <!-- Test -->
